#
# There is insufficient memory for the Java Runtime Environment to continue.
# Native memory allocation (malloc) failed to allocate 463216 bytes for Chunk::new
# Possible reasons:
#   The system is out of physical RAM or swap space
#   In 32 bit mode, the process size limit was hit
# Possible solutions:
#   Reduce memory load on the system
#   Increase physical memory or swap space
#   Check if swap backing store is full
#   Use 64 bit Java on a 64 bit OS
#   Decrease Java heap size (-Xmx/-Xms)
#   Decrease number of Java threads
#   Decrease Java thread stack sizes (-Xss)
#   Set larger code cache with -XX:ReservedCodeCacheSize=
# This output file may be truncated or incomplete.
#
#  Out of Memory Error (allocation.cpp:323), pid=8668, tid=6936
#
# JRE version: Java(TM) SE Runtime Environment (7.0_55-b13) (build 1.7.0_55-b13)
# Java VM: Java HotSpot(TM) 64-Bit Server VM (24.55-b03 mixed mode windows-amd64 compressed oops)
# Failed to write core dump. Minidumps are not enabled by default on client versions of Windows
#

---------------  T H R E A D  ---------------

Current thread (0x000000000857b000):  JavaThread "C2 CompilerThread1" daemon [_thread_in_native, id=6936, stack(0x0000000009f80000,0x000000000a080000)]

Stack: [0x0000000009f80000,0x000000000a080000]

Current CompileTask:
C2:   1297  231   !         com.android.dx.cf.code.Ropper::processBlock (1101 bytes)


---------------  P R O C E S S  ---------------

Java Threads: ( => current thread )
  0x000000000857f000 JavaThread "Service Thread" daemon [_thread_blocked, id=1548, stack(0x0000000009e60000,0x0000000009f60000)]
=>0x000000000857b000 JavaThread "C2 CompilerThread1" daemon [_thread_in_native, id=6936, stack(0x0000000009f80000,0x000000000a080000)]
  0x000000000856f800 JavaThread "C2 CompilerThread0" daemon [_thread_in_native, id=6332, stack(0x0000000009d10000,0x0000000009e10000)]
  0x000000000856e800 JavaThread "Attach Listener" daemon [_thread_blocked, id=5388, stack(0x0000000009b60000,0x0000000009c60000)]
  0x0000000008567000 JavaThread "Signal Dispatcher" daemon [_thread_blocked, id=6960, stack(0x0000000009900000,0x0000000009a00000)]
  0x000000000850f000 JavaThread "Finalizer" daemon [_thread_blocked, id=8412, stack(0x00000000094a0000,0x00000000095a0000)]
  0x000000000850b800 JavaThread "Reference Handler" daemon [_thread_blocked, id=6600, stack(0x0000000009740000,0x0000000009840000)]
  0x00000000022ae800 JavaThread "main" [_thread_in_Java, id=8064, stack(0x00000000024a0000,0x00000000025a0000)]

Other Threads:
  0x0000000008508000 VMThread [stack: 0x00000000095a0000,0x00000000096a0000] [id=7368]
  0x0000000008588800 WatcherThread [stack: 0x0000000009a30000,0x0000000009b30000] [id=9068]

VM state:not at safepoint (normal execution)

VM Mutex/Monitor currently owned by a thread: None

Heap
 PSYoungGen      total 38400K, used 29333K [0x00000000eaa80000, 0x00000000ed500000, 0x0000000100000000)
  eden space 33280K, 88% used [0x00000000eaa80000,0x00000000ec725798,0x00000000ecb00000)
  from space 5120K, 0% used [0x00000000ed000000,0x00000000ed000000,0x00000000ed500000)
  to   space 5120K, 0% used [0x00000000ecb00000,0x00000000ecb00000,0x00000000ed000000)
 ParOldGen       total 86528K, used 0K [0x00000000c0000000, 0x00000000c5480000, 0x00000000eaa80000)
  object space 86528K, 0% used [0x00000000c0000000,0x00000000c0000000,0x00000000c5480000)
 PSPermGen       total 21504K, used 5451K [0x00000000bae00000, 0x00000000bc300000, 0x00000000c0000000)
  object space 21504K, 25% used [0x00000000bae00000,0x00000000bb352fe0,0x00000000bc300000)

Card table byte_map: [0x00000000055a0000,0x00000000057d0000] byte_map_base: 0x0000000004fc9000

Polling page: 0x0000000001b60000

Code Cache  [0x00000000025a0000, 0x0000000002810000, 0x00000000055a0000)
 total_blobs=466 nmethods=232 adapters=186 free_code_cache=48222Kb largest_free_block=49344320

Compilation events (10 events):
Event: 1.245 Thread 0x000000000857b000 nmethod 229 0x0000000002670610 code [0x0000000002670780, 0x00000000026708e8]
Event: 1.245 Thread 0x000000000857b000  230             java.util.HashMap::transfer (115 bytes)
Event: 1.248 Thread 0x000000000857b000 nmethod 230 0x000000000266ffd0 code [0x0000000002670120, 0x0000000002670408]
Event: 1.248 Thread 0x000000000857b000  231   !         com.android.dx.cf.code.Ropper::processBlock (1101 bytes)
Event: 1.248 Thread 0x000000000856f800 nmethod 226 0x0000000002681dd0 code [0x0000000002681fa0, 0x0000000002682768]
Event: 1.248 Thread 0x000000000856f800  232             com.android.dx.util.LabeledList::set (45 bytes)
Event: 1.250 Thread 0x000000000856f800 nmethod 232 0x0000000002681790 code [0x0000000002681900, 0x0000000002681b48]
Event: 1.250 Thread 0x000000000856f800  233             com.android.dx.rop.code.CstInsn::<init> (31 bytes)
Event: 1.250 Thread 0x000000000856f800 nmethod 233 0x0000000002681390 code [0x00000000026814e0, 0x0000000002681618]
Event: 1.250 Thread 0x000000000856f800  234             com.android.dx.ssa.SCCP::simulateStmt (481 bytes)

GC Heap History (0 events):
No events

Deoptimization events (7 events):
Event: 0.576 Thread 0x00000000022ae800 Uncommon trap: reason=class_check action=maybe_recompile pc=0x00000000026154f4 method=com.android.dx.ssa.NormalSsaInsn.accept(Lcom/android/dx/ssa/SsaInsn$Visitor;)V @ 9
Event: 0.576 Thread 0x00000000022ae800 Uncommon trap: reason=class_check action=maybe_recompile pc=0x00000000026154f4 method=com.android.dx.ssa.NormalSsaInsn.accept(Lcom/android/dx/ssa/SsaInsn$Visitor;)V @ 9
Event: 0.580 Thread 0x00000000022ae800 Uncommon trap: reason=class_check action=maybe_recompile pc=0x00000000026154f4 method=com.android.dx.ssa.NormalSsaInsn.accept(Lcom/android/dx/ssa/SsaInsn$Visitor;)V @ 9
Event: 0.580 Thread 0x00000000022ae800 Uncommon trap: reason=class_check action=maybe_recompile pc=0x00000000026154f4 method=com.android.dx.ssa.NormalSsaInsn.accept(Lcom/android/dx/ssa/SsaInsn$Visitor;)V @ 9
Event: 0.720 Thread 0x00000000022ae800 Uncommon trap: reason=null_check action=make_not_entrant pc=0x000000000262814c method=com.android.dx.rop.code.LocalItem.equals(Ljava/lang/Object;)Z @ 1
Event: 1.159 Thread 0x00000000022ae800 Uncommon trap: reason=null_check action=make_not_entrant pc=0x0000000002659ebc method=com.android.dx.ssa.SsaRenamer.getLocalForNewReg(I)Lcom/android/dx/rop/code/LocalItem; @ 19
Event: 1.167 Thread 0x00000000022ae800 Uncommon trap: reason=null_check action=make_not_entrant pc=0x0000000002643fe4 method=com.android.dx.rop.type.Type.equals(Ljava/lang/Object;)Z @ 8

Internal exceptions (10 events):
Event: 0.457 Thread 0x00000000022ae800 Threw 0x00000000eb181320 at C:\re\jdk7u55\869\hotspot\src\share\vm\prims\jvm.cpp:1244
Event: 0.458 Thread 0x00000000022ae800 Threw 0x00000000eb196420 at C:\re\jdk7u55\869\hotspot\src\share\vm\prims\jvm.cpp:1244
Event: 0.459 Thread 0x00000000022ae800 Threw 0x00000000eb1a5788 at C:\re\jdk7u55\869\hotspot\src\share\vm\prims\jvm.cpp:1244
Event: 0.466 Thread 0x00000000022ae800 Threw 0x00000000eb1d3c98 at C:\re\jdk7u55\869\hotspot\src\share\vm\prims\jvm.cpp:1244
Event: 0.497 Thread 0x00000000022ae800 Threw 0x00000000eb21dcb8 at C:\re\jdk7u55\869\hotspot\src\share\vm\prims\jvm.cpp:1244
Event: 0.687 Thread 0x00000000022ae800 Threw 0x00000000eb6b7880 at C:\re\jdk7u55\869\hotspot\src\share\vm\prims\jvm.cpp:1244
Event: 0.687 Thread 0x00000000022ae800 Threw 0x00000000eb6bc548 at C:\re\jdk7u55\869\hotspot\src\share\vm\prims\jvm.cpp:1244
Event: 0.720 Thread 0x00000000022ae800 Implicit null exception at 0x0000000002627d68 to 0x0000000002628139
Event: 1.159 Thread 0x00000000022ae800 Implicit null exception at 0x0000000002658e5e to 0x0000000002659ea1
Event: 1.167 Thread 0x00000000022ae800 Implicit null exception at 0x0000000002643ed2 to 0x0000000002643fd5

Events (10 events):
Event: 0.700 loading class 0x000000000a083de0 done
Event: 0.720 Thread 0x00000000022ae800 Uncommon trap: trap_request=0xfffffff4 fr.pc=0x000000000262814c
Event: 0.720 Thread 0x00000000022ae800 DEOPT PACKING pc=0x000000000262814c sp=0x000000000259e780
Event: 0.720 Thread 0x00000000022ae800 DEOPT UNPACKING pc=0x00000000025d75a4 sp=0x000000000259e6c0 mode 2
Event: 1.159 Thread 0x00000000022ae800 Uncommon trap: trap_request=0xfffffff4 fr.pc=0x0000000002659ebc
Event: 1.159 Thread 0x00000000022ae800 DEOPT PACKING pc=0x0000000002659ebc sp=0x000000000259e910
Event: 1.159 Thread 0x00000000022ae800 DEOPT UNPACKING pc=0x00000000025d75a4 sp=0x000000000259e6a8 mode 2
Event: 1.167 Thread 0x00000000022ae800 Uncommon trap: trap_request=0xfffffff4 fr.pc=0x0000000002643fe4
Event: 1.167 Thread 0x00000000022ae800 DEOPT PACKING pc=0x0000000002643fe4 sp=0x000000000259e770
Event: 1.167 Thread 0x00000000022ae800 DEOPT UNPACKING pc=0x00000000025d75a4 sp=0x000000000259e718 mode 2


Dynamic libraries:
0x000000013fbe0000 - 0x000000013fc13000 	C:\Program Files\Java\jdk1.7.0_55\bin\java.exe
0x0000000076f50000 - 0x00000000770f8000 	C:\Windows\SYSTEM32\ntdll.dll
0x0000000076d30000 - 0x0000000076e4f000 	C:\Windows\system32\kernel32.dll
0x000007fefcfa0000 - 0x000007fefd00c000 	C:\Windows\system32\KERNELBASE.dll
0x000007fefe240000 - 0x000007fefe31b000 	C:\Windows\system32\ADVAPI32.dll
0x000007fefe430000 - 0x000007fefe4cf000 	C:\Windows\system32\msvcrt.dll
0x000007fefda00000 - 0x000007fefda1f000 	C:\Windows\SYSTEM32\sechost.dll
0x000007fefe040000 - 0x000007fefe16d000 	C:\Windows\system32\RPCRT4.dll
0x0000000076e50000 - 0x0000000076f4a000 	C:\Windows\system32\USER32.dll
0x000007fefd0d0000 - 0x000007fefd137000 	C:\Windows\system32\GDI32.dll
0x000007fefd5b0000 - 0x000007fefd5be000 	C:\Windows\system32\LPK.dll
0x000007fefe170000 - 0x000007fefe239000 	C:\Windows\system32\USP10.dll
0x000007fefb720000 - 0x000007fefb914000 	C:\Windows\WinSxS\amd64_microsoft.windows.common-controls_6595b64144ccf1df_6.0.7601.18807_none_fa381d5f175bfb52\COMCTL32.dll
0x000007fefdb60000 - 0x000007fefdbd1000 	C:\Windows\system32\SHLWAPI.dll
0x000007fefd330000 - 0x000007fefd35e000 	C:\Windows\system32\IMM32.DLL
0x000007fefe320000 - 0x000007fefe429000 	C:\Windows\system32\MSCTF.dll
0x0000000072230000 - 0x0000000072302000 	C:\Program Files\Java\jdk1.7.0_55\jre\bin\msvcr100.dll
0x00000000726e0000 - 0x0000000072ea9000 	C:\Program Files\Java\jdk1.7.0_55\jre\bin\server\jvm.dll
0x000007fef87a0000 - 0x000007fef87a9000 	C:\Windows\system32\WSOCK32.dll
0x000007fefd850000 - 0x000007fefd89d000 	C:\Windows\system32\WS2_32.dll
0x000007fefd320000 - 0x000007fefd328000 	C:\Windows\system32\NSI.dll
0x000007fefa710000 - 0x000007fefa74b000 	C:\Windows\system32\WINMM.dll
0x0000000077110000 - 0x0000000077117000 	C:\Windows\system32\PSAPI.DLL
0x00000000738e0000 - 0x00000000738ef000 	C:\Program Files\Java\jdk1.7.0_55\jre\bin\verify.dll
0x00000000738b0000 - 0x00000000738d8000 	C:\Program Files\Java\jdk1.7.0_55\jre\bin\java.dll
0x0000000073890000 - 0x00000000738a5000 	C:\Program Files\Java\jdk1.7.0_55\jre\bin\zip.dll
0x0000000073800000 - 0x0000000073819000 	C:\Program Files\Java\jdk1.7.0_55\jre\bin\net.dll
0x000007fefc4b0000 - 0x000007fefc505000 	C:\Windows\system32\mswsock.dll
0x000007fefc4a0000 - 0x000007fefc4a7000 	C:\Windows\System32\wship6.dll
0x0000000072ef0000 - 0x0000000072f01000 	C:\Program Files\Java\jdk1.7.0_55\jre\bin\nio.dll

VM Arguments:
jvm_args: -Xmx1024M -Dfile.encoding=windows-1251 -Duser.country=RU -Duser.language=ru -Duser.variant 
java_command: com.android.dx.command.Main --dex --output F:\Android\projects\PlannerWork\PlannerWork\app\build\intermediates\pre-dexed\debug\classes-db316147858605bd3be05247676ed02ea09d04ec.jar F:\Android\projects\PlannerWork\PlannerWork\app\build\intermediates\exploded-aar\com.mikepenz\materialdrawer\3.0.7\jars\classes.jar
Launcher Type: SUN_STANDARD

Environment Variables:
JAVA_HOME=C:\Program Files\Java\jdk1.7.0_55\
PATH=C:\Program Files (x86)\NVIDIA Corporation\PhysX\Common;C:\ProgramData\Oracle\Java\javapath;C:\Program Files (x86)\Embarcadero\Studio\15.0\bin;C:\Users\Public\Documents\Embarcadero\Studio\15.0\Bpl;C:\Program Files (x86)\Embarcadero\Studio\15.0\bin64;C:\Users\Public\Documents\Embarcadero\Studio\15.0\Bpl\Win64;C:\Program Files (x86)\CollabNet;C:\Program Files (x86)\Embarcadero\RAD Studio\12.0\bin;C:\Users\Public\Documents\RAD Studio\12.0\Bpl;C:\Program Files (x86)\Embarcadero\RAD Studio\12.0\bin64;C:\Users\Public\Documents\RAD Studio\12.0\Bpl\Win64;C:\Oracle\database\product\11.2.0\dbhome_1\bin;C:\Oracle\db\product\11.2.0\dbhome_1\bin;C:\Program Files (x86)\Intel\iCLS Client\;C:\Program Files\Intel\iCLS Client\;C:\Windows\system32;C:\Windows;C:\Windows\System32\Wbem;C:\Windows\System32\WindowsPowerShell\v1.0\;C:\Program Files\Intel\Intel(R) Management Engine Components\DAL;C:\Program Files\Intel\Intel(R) Management Engine Components\IPT;C:\Program Files (x86)\Intel\Intel(R) Management Engine Components\DAL;C:\Program Files (x86)\Intel\Intel(R) Management Engine Components\IPT;C:\Program Files (x86)\Common Files\Acronis\SnapAPI\;C:\Program Files (x86)\QuickTime\QTSystem\;C:\Program Files (x86)\Liquid Technologies\Liquid XML Studio 2011\XmlDataBinder9\Redist9\cpp\win32\bin;C:\Program Files (x86)\Skype\Phone\
USERNAME=Вадим
OS=Windows_NT
PROCESSOR_IDENTIFIER=Intel64 Family 6 Model 60 Stepping 3, GenuineIntel



---------------  S Y S T E M  ---------------

OS: Windows 7 , 64 bit Build 7601 Service Pack 1

CPU:total 4 (4 cores per cpu, 1 threads per core) family 6 model 60 stepping 3, cmov, cx8, fxsr, mmx, sse, sse2, sse3, ssse3, sse4.1, sse4.2, popcnt, avx, avx2, aes, erms, tsc, tscinvbit

Memory: 4k page, physical 8325260k(660152k free), swap 9371984k(5312k free)

vm_info: Java HotSpot(TM) 64-Bit Server VM (24.55-b03) for windows-amd64 JRE (1.7.0_55-b13), built on Mar 17 2014 19:45:30 by "java_re" with unknown MS VC++:1600

time: Tue Jul 07 20:07:37 2015
elapsed time: 1 seconds

