#
# There is insufficient memory for the Java Runtime Environment to continue.
# Native memory allocation (malloc) failed to allocate 170736 bytes for Chunk::new
# Possible reasons:
#   The system is out of physical RAM or swap space
#   In 32 bit mode, the process size limit was hit
# Possible solutions:
#   Reduce memory load on the system
#   Increase physical memory or swap space
#   Check if swap backing store is full
#   Use 64 bit Java on a 64 bit OS
#   Decrease Java heap size (-Xmx/-Xms)
#   Decrease number of Java threads
#   Decrease Java thread stack sizes (-Xss)
#   Set larger code cache with -XX:ReservedCodeCacheSize=
# This output file may be truncated or incomplete.
#
#  Out of Memory Error (allocation.cpp:323), pid=8912, tid=1172
#
# JRE version: Java(TM) SE Runtime Environment (7.0_55-b13) (build 1.7.0_55-b13)
# Java VM: Java HotSpot(TM) 64-Bit Server VM (24.55-b03 mixed mode windows-amd64 compressed oops)
# Failed to write core dump. Minidumps are not enabled by default on client versions of Windows
#

---------------  T H R E A D  ---------------

Current thread (0x000000000865f800):  JavaThread "C2 CompilerThread1" daemon [_thread_in_native, id=1172, stack(0x000000000a0a0000,0x000000000a1a0000)]

Stack: [0x000000000a0a0000,0x000000000a1a0000]

Current CompileTask:
C2:   2382  336             com.android.dx.ssa.DeadCodeRemover::run (194 bytes)


---------------  P R O C E S S  ---------------

Java Threads: ( => current thread )
  0x0000000008660000 JavaThread "Service Thread" daemon [_thread_blocked, id=8568, stack(0x000000000a200000,0x000000000a300000)]
=>0x000000000865f800 JavaThread "C2 CompilerThread1" daemon [_thread_in_native, id=1172, stack(0x000000000a0a0000,0x000000000a1a0000)]
  0x0000000008650800 JavaThread "C2 CompilerThread0" daemon [_thread_in_native, id=8288, stack(0x0000000009f70000,0x000000000a070000)]
  0x000000000864f800 JavaThread "Attach Listener" daemon [_thread_blocked, id=8252, stack(0x0000000009df0000,0x0000000009ef0000)]
  0x0000000008648800 JavaThread "Signal Dispatcher" daemon [_thread_blocked, id=8508, stack(0x0000000009b00000,0x0000000009c00000)]
  0x00000000085ef000 JavaThread "Finalizer" daemon [_thread_blocked, id=4620, stack(0x0000000009810000,0x0000000009910000)]
  0x00000000085eb800 JavaThread "Reference Handler" daemon [_thread_blocked, id=7800, stack(0x0000000009920000,0x0000000009a20000)]
  0x000000000229e800 JavaThread "main" [_thread_in_Java, id=8152, stack(0x00000000022a0000,0x00000000023a0000)]

Other Threads:
  0x00000000085e8000 VMThread [stack: 0x0000000009700000,0x0000000009800000] [id=8712]
  0x0000000008669800 WatcherThread [stack: 0x0000000009c70000,0x0000000009d70000] [id=8624]

VM state:not at safepoint (normal execution)

VM Mutex/Monitor currently owned by a thread: None

Heap
 PSYoungGen      total 38400K, used 31722K [0x00000000eaa80000, 0x00000000ef580000, 0x0000000100000000)
  eden space 33280K, 80% used [0x00000000eaa80000,0x00000000ec480f50,0x00000000ecb00000)
  from space 5120K, 99% used [0x00000000ecb00000,0x00000000ecff9c98,0x00000000ed000000)
  to   space 5120K, 0% used [0x00000000ef080000,0x00000000ef080000,0x00000000ef580000)
 ParOldGen       total 86528K, used 1768K [0x00000000c0000000, 0x00000000c5480000, 0x00000000eaa80000)
  object space 86528K, 2% used [0x00000000c0000000,0x00000000c01ba248,0x00000000c5480000)
 PSPermGen       total 21504K, used 5573K [0x00000000bae00000, 0x00000000bc300000, 0x00000000c0000000)
  object space 21504K, 25% used [0x00000000bae00000,0x00000000bb371688,0x00000000bc300000)

Card table byte_map: [0x0000000005510000,0x0000000005740000] byte_map_base: 0x0000000004f39000

Polling page: 0x0000000000230000

Code Cache  [0x0000000002510000, 0x0000000002780000, 0x0000000005510000)
 total_blobs=578 nmethods=344 adapters=186 free_code_cache=47789Kb largest_free_block=48905344

Compilation events (10 events):
Event: 2.327 Thread 0x0000000008650800 nmethod 340 0x000000000265af50 code [0x000000000265b0a0, 0x000000000265b118]
Event: 2.327 Thread 0x0000000008650800  341             com.android.dx.ssa.PhiTypeResolver::run (179 bytes)
Event: 2.368 Thread 0x0000000008650800 nmethod 341 0x0000000002652090 code [0x00000000026522a0, 0x0000000002652b60]
Event: 2.368 Thread 0x0000000008650800  342             com.android.dx.rop.code.LocalItem::compareHandlesNulls (25 bytes)
Event: 2.369 Thread 0x0000000008650800 nmethod 342 0x000000000263c810 code [0x000000000263c940, 0x000000000263caf8]
Event: 2.369 Thread 0x0000000008650800  343             java.util.AbstractList::clear (10 bytes)
Event: 2.371 Thread 0x0000000008650800 nmethod 343 0x000000000257ce50 code [0x000000000257cfa0, 0x000000000257d1f8]
Event: 2.371 Thread 0x0000000008650800  344             java.util.ArrayList$SubList::removeRange (47 bytes)
Event: 2.373 Thread 0x0000000008650800 nmethod 344 0x000000000257c890 code [0x000000000257c9e0, 0x000000000257cc18]
Event: 2.373 Thread 0x0000000008650800  345             com.android.dx.ssa.DomFront::run (264 bytes)

GC Heap History (2 events):
Event: 1.674 GC heap before
{Heap before GC invocations=1 (full 0):
 PSYoungGen      total 38400K, used 33280K [0x00000000eaa80000, 0x00000000ed500000, 0x0000000100000000)
  eden space 33280K, 100% used [0x00000000eaa80000,0x00000000ecb00000,0x00000000ecb00000)
  from space 5120K, 0% used [0x00000000ed000000,0x00000000ed000000,0x00000000ed500000)
  to   space 5120K, 0% used [0x00000000ecb00000,0x00000000ecb00000,0x00000000ed000000)
 ParOldGen       total 86528K, used 0K [0x00000000c0000000, 0x00000000c5480000, 0x00000000eaa80000)
  object space 86528K, 0% used [0x00000000c0000000,0x00000000c0000000,0x00000000c5480000)
 PSPermGen       total 21504K, used 5520K [0x00000000bae00000, 0x00000000bc300000, 0x00000000c0000000)
  object space 21504K, 25% used [0x00000000bae00000,0x00000000bb3643e0,0x00000000bc300000)
Event: 1.827 GC heap after
Heap after GC invocations=1 (full 0):
 PSYoungGen      total 38400K, used 5095K [0x00000000eaa80000, 0x00000000ef580000, 0x0000000100000000)
  eden space 33280K, 0% used [0x00000000eaa80000,0x00000000eaa80000,0x00000000ecb00000)
  from space 5120K, 99% used [0x00000000ecb00000,0x00000000ecff9c98,0x00000000ed000000)
  to   space 5120K, 0% used [0x00000000ef080000,0x00000000ef080000,0x00000000ef580000)
 ParOldGen       total 86528K, used 1768K [0x00000000c0000000, 0x00000000c5480000, 0x00000000eaa80000)
  object space 86528K, 2% used [0x00000000c0000000,0x00000000c01ba248,0x00000000c5480000)
 PSPermGen       total 21504K, used 5520K [0x00000000bae00000, 0x00000000bc300000, 0x00000000c0000000)
  object space 21504K, 25% used [0x00000000bae00000,0x00000000bb3643e0,0x00000000bc300000)
}

Deoptimization events (10 events):
Event: 2.097 Thread 0x000000000229e800 Uncommon trap: reason=unreached action=reinterpret pc=0x000000000261d12c method=com.android.dx.cf.code.Ropper.processBlock(Lcom/android/dx/cf/code/ByteBlock;Lcom/android/dx/cf/code/Frame;[I)V @ 513
Event: 2.099 Thread 0x000000000229e800 Uncommon trap: reason=null_check action=make_not_entrant pc=0x00000000025c5258 method=com.android.dx.ssa.SsaRenamer.getLocalForNewReg(I)Lcom/android/dx/rop/code/LocalItem; @ 19
Event: 2.100 Thread 0x000000000229e800 Uncommon trap: reason=unreached action=reinterpret pc=0x0000000002595d84 method=com.android.dx.rop.cst.Constant.compareTo(Lcom/android/dx/rop/cst/Constant;)I @ 12
Event: 2.291 Thread 0x000000000229e800 Uncommon trap: reason=class_check action=maybe_recompile pc=0x0000000002641454 method=com.android.dx.cf.code.BytecodeArray.parseInstruction(ILcom/android/dx/cf/code/BytecodeArray$Visitor;)I @ 1051
Event: 2.292 Thread 0x000000000229e800 Uncommon trap: reason=class_check action=maybe_recompile pc=0x0000000002641404 method=com.android.dx.cf.code.BytecodeArray.parseInstruction(ILcom/android/dx/cf/code/BytecodeArray$Visitor;)I @ 1035
Event: 2.292 Thread 0x000000000229e800 Uncommon trap: reason=class_check action=maybe_recompile pc=0x0000000002641454 method=com.android.dx.cf.code.BytecodeArray.parseInstruction(ILcom/android/dx/cf/code/BytecodeArray$Visitor;)I @ 1051
Event: 2.292 Thread 0x000000000229e800 Uncommon trap: reason=class_check action=maybe_recompile pc=0x0000000002641404 method=com.android.dx.cf.code.BytecodeArray.parseInstruction(ILcom/android/dx/cf/code/BytecodeArray$Visitor;)I @ 1035
Event: 2.301 Thread 0x000000000229e800 Uncommon trap: reason=bimorphic action=maybe_recompile pc=0x00000000025ee8b0 method=java.util.HashMap.put(Ljava/lang/Object;Ljava/lang/Object;)Ljava/lang/Object; @ 83
Event: 2.302 Thread 0x000000000229e800 Uncommon trap: reason=null_check action=make_not_entrant pc=0x0000000002661854 method=com.android.dx.dex.file.MethodIdsSection.intern(Lcom/android/dx/rop/cst/CstBaseMethodRef;)Lcom/android/dx/dex/file/MethodIdItem; @ 26
Event: 2.346 Thread 0x000000000229e800 Uncommon trap: reason=unreached action=reinterpret pc=0x00000000026552b0 method=com.android.dx.ssa.SsaRenamer$BlockRenamer.process()V @ 90

Internal exceptions (10 events):
Event: 0.966 Thread 0x000000000229e800 Threw 0x00000000eb3289c8 at C:\re\jdk7u55\869\hotspot\src\share\vm\prims\jvm.cpp:1244
Event: 1.001 Thread 0x000000000229e800 Threw 0x00000000eb424080 at C:\re\jdk7u55\869\hotspot\src\share\vm\prims\jvm.cpp:1244
Event: 1.010 Thread 0x000000000229e800 Threw 0x00000000eb475138 at C:\re\jdk7u55\869\hotspot\src\share\vm\prims\jvm.cpp:1244
Event: 1.011 Thread 0x000000000229e800 Threw 0x00000000eb4811c8 at C:\re\jdk7u55\869\hotspot\src\share\vm\prims\jvm.cpp:1244
Event: 1.085 Thread 0x000000000229e800 Implicit null exception at 0x0000000002590563 to 0x000000000259092d
Event: 1.224 Thread 0x000000000229e800 Threw 0x00000000ebacb638 at C:\re\jdk7u55\869\hotspot\src\share\vm\prims\jvm.cpp:1244
Event: 1.312 Thread 0x000000000229e800 Threw 0x00000000ebdd8bc0 at C:\re\jdk7u55\869\hotspot\src\share\vm\prims\jvm.cpp:1244
Event: 1.673 Thread 0x000000000229e800 Threw 0x00000000ecaf5470 at C:\re\jdk7u55\869\hotspot\src\share\vm\prims\jvm.cpp:1244
Event: 2.099 Thread 0x000000000229e800 Implicit null exception at 0x00000000025c3d8c to 0x00000000025c5221
Event: 2.302 Thread 0x000000000229e800 Implicit null exception at 0x0000000002661194 to 0x0000000002661845

Events (10 events):
Event: 2.292 Thread 0x000000000229e800 DEOPT UNPACKING pc=0x00000000025475a4 sp=0x000000000239ebe8 mode 2
Event: 2.301 Thread 0x000000000229e800 Uncommon trap: trap_request=0xffffffc6 fr.pc=0x00000000025ee8b0
Event: 2.301 Thread 0x000000000229e800 DEOPT PACKING pc=0x00000000025ee8b0 sp=0x000000000239eb90
Event: 2.301 Thread 0x000000000229e800 DEOPT UNPACKING pc=0x00000000025475a4 sp=0x000000000239eb38 mode 2
Event: 2.302 Thread 0x000000000229e800 Uncommon trap: trap_request=0xfffffff4 fr.pc=0x0000000002661854
Event: 2.302 Thread 0x000000000229e800 DEOPT PACKING pc=0x0000000002661854 sp=0x000000000239f070
Event: 2.302 Thread 0x000000000229e800 DEOPT UNPACKING pc=0x00000000025475a4 sp=0x000000000239efc8 mode 2
Event: 2.346 Thread 0x000000000229e800 Uncommon trap: trap_request=0xffffffad fr.pc=0x00000000026552b0
Event: 2.346 Thread 0x000000000229e800 DEOPT PACKING pc=0x00000000026552b0 sp=0x000000000239ec50
Event: 2.346 Thread 0x000000000229e800 DEOPT UNPACKING pc=0x00000000025475a4 sp=0x000000000239ec30 mode 2


Dynamic libraries:
0x000000013fbe0000 - 0x000000013fc13000 	C:\Program Files\Java\jdk1.7.0_55\bin\java.exe
0x0000000076f50000 - 0x00000000770f8000 	C:\Windows\SYSTEM32\ntdll.dll
0x0000000076d30000 - 0x0000000076e4f000 	C:\Windows\system32\kernel32.dll
0x000007fefcfa0000 - 0x000007fefd00c000 	C:\Windows\system32\KERNELBASE.dll
0x000007fefe240000 - 0x000007fefe31b000 	C:\Windows\system32\ADVAPI32.dll
0x000007fefe430000 - 0x000007fefe4cf000 	C:\Windows\system32\msvcrt.dll
0x000007fefda00000 - 0x000007fefda1f000 	C:\Windows\SYSTEM32\sechost.dll
0x000007fefe040000 - 0x000007fefe16d000 	C:\Windows\system32\RPCRT4.dll
0x0000000076e50000 - 0x0000000076f4a000 	C:\Windows\system32\USER32.dll
0x000007fefd0d0000 - 0x000007fefd137000 	C:\Windows\system32\GDI32.dll
0x000007fefd5b0000 - 0x000007fefd5be000 	C:\Windows\system32\LPK.dll
0x000007fefe170000 - 0x000007fefe239000 	C:\Windows\system32\USP10.dll
0x000007fefb720000 - 0x000007fefb914000 	C:\Windows\WinSxS\amd64_microsoft.windows.common-controls_6595b64144ccf1df_6.0.7601.18807_none_fa381d5f175bfb52\COMCTL32.dll
0x000007fefdb60000 - 0x000007fefdbd1000 	C:\Windows\system32\SHLWAPI.dll
0x000007fefd330000 - 0x000007fefd35e000 	C:\Windows\system32\IMM32.DLL
0x000007fefe320000 - 0x000007fefe429000 	C:\Windows\system32\MSCTF.dll
0x0000000072230000 - 0x0000000072302000 	C:\Program Files\Java\jdk1.7.0_55\jre\bin\msvcr100.dll
0x00000000726e0000 - 0x0000000072ea9000 	C:\Program Files\Java\jdk1.7.0_55\jre\bin\server\jvm.dll
0x000007fef87a0000 - 0x000007fef87a9000 	C:\Windows\system32\WSOCK32.dll
0x000007fefd850000 - 0x000007fefd89d000 	C:\Windows\system32\WS2_32.dll
0x000007fefd320000 - 0x000007fefd328000 	C:\Windows\system32\NSI.dll
0x000007fefa710000 - 0x000007fefa74b000 	C:\Windows\system32\WINMM.dll
0x0000000077110000 - 0x0000000077117000 	C:\Windows\system32\PSAPI.DLL
0x00000000738e0000 - 0x00000000738ef000 	C:\Program Files\Java\jdk1.7.0_55\jre\bin\verify.dll
0x00000000738b0000 - 0x00000000738d8000 	C:\Program Files\Java\jdk1.7.0_55\jre\bin\java.dll
0x0000000073890000 - 0x00000000738a5000 	C:\Program Files\Java\jdk1.7.0_55\jre\bin\zip.dll
0x0000000073800000 - 0x0000000073819000 	C:\Program Files\Java\jdk1.7.0_55\jre\bin\net.dll
0x000007fefc4b0000 - 0x000007fefc505000 	C:\Windows\system32\mswsock.dll
0x000007fefc4a0000 - 0x000007fefc4a7000 	C:\Windows\System32\wship6.dll
0x0000000072ef0000 - 0x0000000072f01000 	C:\Program Files\Java\jdk1.7.0_55\jre\bin\nio.dll

VM Arguments:
jvm_args: -Xmx1024M -Dfile.encoding=windows-1251 -Duser.country=RU -Duser.language=ru -Duser.variant 
java_command: com.android.dx.command.Main --dex --output F:\Android\projects\PlannerWork\PlannerWork\app\build\intermediates\pre-dexed\debug\internal_impl-22.2.0-484ab4538924cc1edc9364839b2e7e8d563af288.jar F:\Android\projects\PlannerWork\PlannerWork\app\build\intermediates\exploded-aar\com.android.support\support-v4\22.2.0\jars\libs\internal_impl-22.2.0.jar
Launcher Type: SUN_STANDARD

Environment Variables:
JAVA_HOME=C:\Program Files\Java\jdk1.7.0_55\
PATH=C:\Program Files (x86)\NVIDIA Corporation\PhysX\Common;C:\ProgramData\Oracle\Java\javapath;C:\Program Files (x86)\Embarcadero\Studio\15.0\bin;C:\Users\Public\Documents\Embarcadero\Studio\15.0\Bpl;C:\Program Files (x86)\Embarcadero\Studio\15.0\bin64;C:\Users\Public\Documents\Embarcadero\Studio\15.0\Bpl\Win64;C:\Program Files (x86)\CollabNet;C:\Program Files (x86)\Embarcadero\RAD Studio\12.0\bin;C:\Users\Public\Documents\RAD Studio\12.0\Bpl;C:\Program Files (x86)\Embarcadero\RAD Studio\12.0\bin64;C:\Users\Public\Documents\RAD Studio\12.0\Bpl\Win64;C:\Oracle\database\product\11.2.0\dbhome_1\bin;C:\Oracle\db\product\11.2.0\dbhome_1\bin;C:\Program Files (x86)\Intel\iCLS Client\;C:\Program Files\Intel\iCLS Client\;C:\Windows\system32;C:\Windows;C:\Windows\System32\Wbem;C:\Windows\System32\WindowsPowerShell\v1.0\;C:\Program Files\Intel\Intel(R) Management Engine Components\DAL;C:\Program Files\Intel\Intel(R) Management Engine Components\IPT;C:\Program Files (x86)\Intel\Intel(R) Management Engine Components\DAL;C:\Program Files (x86)\Intel\Intel(R) Management Engine Components\IPT;C:\Program Files (x86)\Common Files\Acronis\SnapAPI\;C:\Program Files (x86)\QuickTime\QTSystem\;C:\Program Files (x86)\Liquid Technologies\Liquid XML Studio 2011\XmlDataBinder9\Redist9\cpp\win32\bin;C:\Program Files (x86)\Skype\Phone\
USERNAME=Вадим
OS=Windows_NT
PROCESSOR_IDENTIFIER=Intel64 Family 6 Model 60 Stepping 3, GenuineIntel



---------------  S Y S T E M  ---------------

OS: Windows 7 , 64 bit Build 7601 Service Pack 1

CPU:total 4 (4 cores per cpu, 1 threads per core) family 6 model 60 stepping 3, cmov, cx8, fxsr, mmx, sse, sse2, sse3, ssse3, sse4.1, sse4.2, popcnt, avx, avx2, aes, erms, tsc, tscinvbit

Memory: 4k page, physical 8325260k(660140k free), swap 9371984k(5348k free)

vm_info: Java HotSpot(TM) 64-Bit Server VM (24.55-b03) for windows-amd64 JRE (1.7.0_55-b13), built on Mar 17 2014 19:45:30 by "java_re" with unknown MS VC++:1600

time: Tue Jul 07 20:07:37 2015
elapsed time: 2 seconds

